2020-06-20 20:55:24,242 INFO o.a.j.u.JMeterUtils: Setting Locale to en_US
2020-06-20 20:55:24,256 INFO o.a.j.JMeter: Loading user properties from: /home/life/apache-jmeter-5.3/bin/user.properties
2020-06-20 20:55:24,257 INFO o.a.j.JMeter: Loading system properties from: /home/life/apache-jmeter-5.3/bin/system.properties
2020-06-20 20:55:24,259 INFO o.a.j.JMeter: Copyright (c) 1998-2020 The Apache Software Foundation
2020-06-20 20:55:24,260 INFO o.a.j.JMeter: Version 5.3
2020-06-20 20:55:24,260 INFO o.a.j.JMeter: java.version=1.8.0_252
2020-06-20 20:55:24,260 INFO o.a.j.JMeter: java.vm.name=OpenJDK 64-Bit Server VM
2020-06-20 20:55:24,260 INFO o.a.j.JMeter: os.name=Linux
2020-06-20 20:55:24,260 INFO o.a.j.JMeter: os.arch=amd64
2020-06-20 20:55:24,260 INFO o.a.j.JMeter: os.version=5.3.0-59-generic
2020-06-20 20:55:24,260 INFO o.a.j.JMeter: file.encoding=UTF-8
2020-06-20 20:55:24,260 INFO o.a.j.JMeter: java.awt.headless=null
2020-06-20 20:55:24,261 INFO o.a.j.JMeter: Max memory     =1857028096
2020-06-20 20:55:24,261 INFO o.a.j.JMeter: Available Processors =2
2020-06-20 20:55:24,268 INFO o.a.j.JMeter: Default Locale=English (United States)
2020-06-20 20:55:24,269 INFO o.a.j.JMeter: JMeter  Locale=English (United States)
2020-06-20 20:55:24,269 INFO o.a.j.JMeter: JMeterHome=/home/life/apache-jmeter-5.3
2020-06-20 20:55:24,269 INFO o.a.j.JMeter: user.dir  =/home/life/Desktop/jmeter-from-chrome-plugin
2020-06-20 20:55:24,269 INFO o.a.j.JMeter: PWD       =/home/life/Desktop/jmeter-from-chrome-plugin
2020-06-20 20:55:24,270 INFO o.a.j.JMeter: IP: 127.0.1.1 Name: life-ubt FullName: life-ubt
2020-06-20 20:55:24,496 INFO o.a.j.JMeter: Setting LAF to: com.github.weisj.darklaf.DarkLaf:com.github.weisj.darklaf.theme.DarculaTheme
2020-06-20 20:55:24,886 INFO o.a.j.JMeter: Loaded icon properties from org/apache/jmeter/images/icon.properties
2020-06-20 20:55:39,769 INFO o.a.j.s.FileServer: Default base='/home/life/Desktop/jmeter-from-chrome-plugin'
2020-06-20 20:55:39,781 INFO o.a.j.g.a.Load: Loading file: /home/life/Desktop/jmeter-from-chrome-plugin/performance-tests/login-logout.jmx
2020-06-20 20:55:39,783 INFO o.a.j.s.FileServer: Set new base='/home/life/Desktop/jmeter-from-chrome-plugin/performance-tests'
2020-06-20 20:55:40,080 INFO o.a.j.s.SaveService: Testplan (JMX) version: 2.2. Testlog (JTL) version: 2.2
2020-06-20 20:55:40,109 INFO o.a.j.s.SaveService: Using SaveService properties file encoding UTF-8
2020-06-20 20:55:40,113 INFO o.a.j.s.SaveService: Using SaveService properties version 5.0
2020-06-20 20:55:40,121 INFO o.a.j.s.SaveService: Loading file: /home/life/Desktop/jmeter-from-chrome-plugin/performance-tests/login-logout.jmx
2020-06-20 20:55:40,189 INFO o.a.j.p.h.c.CookieManager: Settings: Delete null: true Check: true Allow variable: true Save: false Prefix: COOKIE_
2020-06-20 20:55:40,194 INFO o.a.j.p.h.c.CacheManager: Will only cache the following methods: [GET]
2020-06-20 20:55:40,202 INFO o.a.j.p.h.s.HTTPSamplerBase: Parser for text/html is org.apache.jmeter.protocol.http.parser.LagartoBasedHtmlParser
2020-06-20 20:55:40,204 INFO o.a.j.p.h.s.HTTPSamplerBase: Parser for application/xhtml+xml is org.apache.jmeter.protocol.http.parser.LagartoBasedHtmlParser
2020-06-20 20:55:40,204 INFO o.a.j.p.h.s.HTTPSamplerBase: Parser for application/xml is org.apache.jmeter.protocol.http.parser.LagartoBasedHtmlParser
2020-06-20 20:55:40,204 INFO o.a.j.p.h.s.HTTPSamplerBase: Parser for text/xml is org.apache.jmeter.protocol.http.parser.LagartoBasedHtmlParser
2020-06-20 20:55:40,204 INFO o.a.j.p.h.s.HTTPSamplerBase: Parser for text/vnd.wap.wml is org.apache.jmeter.protocol.http.parser.RegexpHTMLParser
2020-06-20 20:55:40,204 INFO o.a.j.p.h.s.HTTPSamplerBase: Parser for text/css is org.apache.jmeter.protocol.http.parser.CssParser
2020-06-20 20:55:40,642 INFO o.a.j.s.FileServer: Set new base='/home/life/Desktop/jmeter-from-chrome-plugin/performance-tests'
2020-06-20 20:59:18,648 INFO o.a.j.e.StandardJMeterEngine: Running the test!
2020-06-20 20:59:18,654 INFO o.a.j.s.SampleEvent: List of sample_variables: []
2020-06-20 20:59:18,655 INFO o.a.j.s.SampleEvent: List of sample_variables: []
2020-06-20 20:59:18,658 INFO o.a.j.e.u.CompoundVariable: Note: Function class names must contain the string: '.functions.'
2020-06-20 20:59:18,669 INFO o.a.j.e.u.CompoundVariable: Note: Function class names must not contain the string: '.gui.'
2020-06-20 20:59:19,239 INFO o.a.j.g.u.JMeterMenuBar: setRunning(true, *local*)
2020-06-20 20:59:19,524 INFO o.a.j.e.StandardJMeterEngine: Starting ThreadGroup: 1 : Thread Group
2020-06-20 20:59:19,524 INFO o.a.j.e.StandardJMeterEngine: Starting 1 threads for group Thread Group.
2020-06-20 20:59:19,524 INFO o.a.j.e.StandardJMeterEngine: Thread will continue on error
2020-06-20 20:59:19,524 INFO o.a.j.t.ThreadGroup: Starting thread group... number=1 threads=1 ramp-up=1 delayedStart=false
2020-06-20 20:59:19,529 INFO o.a.j.t.ThreadGroup: Started thread group number 1
2020-06-20 20:59:19,530 INFO o.a.j.e.StandardJMeterEngine: All thread groups have been started
2020-06-20 20:59:19,545 INFO o.a.j.s.SampleResult: Note: Sample TimeStamps are START times
2020-06-20 20:59:19,545 INFO o.a.j.s.SampleResult: sampleresult.default.encoding is set to ISO-8859-1
2020-06-20 20:59:19,546 INFO o.a.j.s.SampleResult: sampleresult.useNanoTime=true
2020-06-20 20:59:19,546 INFO o.a.j.s.SampleResult: sampleresult.nanoThreadSleep=5000
2020-06-20 20:59:19,551 INFO o.a.j.t.JMeterThread: Thread started: Thread Group 1-1
2020-06-20 20:59:19,602 INFO o.a.j.p.h.s.HTTPHCAbstractImpl: Local host = life-ubt
2020-06-20 20:59:19,644 INFO o.a.j.p.h.s.HTTPHC4Impl: HTTP request retry count = 0
2020-06-20 20:59:20,318 INFO o.a.j.t.JMeterThread: Thread is done: Thread Group 1-1
2020-06-20 20:59:20,318 INFO o.a.j.t.JMeterThread: Thread finished: Thread Group 1-1
2020-06-20 20:59:20,321 INFO o.a.j.e.StandardJMeterEngine: Notifying test listeners of end of test
2020-06-20 20:59:20,321 INFO o.a.j.g.u.JMeterMenuBar: setRunning(false, *local*)
2020-06-20 20:59:39,810 INFO o.a.j.v.ViewResultsFullVisualizer: Add JavaFX to your Java installation if you want to use renderer: org.apache.jmeter.visualizers.RenderInBrowser
2020-06-20 20:59:54,210 INFO o.a.j.e.StandardJMeterEngine: Running the test!
2020-06-20 20:59:54,213 INFO o.a.j.s.SampleEvent: List of sample_variables: []
2020-06-20 20:59:54,224 INFO o.a.j.g.u.JMeterMenuBar: setRunning(true, *local*)
2020-06-20 20:59:54,269 INFO o.a.j.e.StandardJMeterEngine: Starting ThreadGroup: 1 : Thread Group
2020-06-20 20:59:54,269 INFO o.a.j.e.StandardJMeterEngine: Starting 1 threads for group Thread Group.
2020-06-20 20:59:54,269 INFO o.a.j.e.StandardJMeterEngine: Thread will continue on error
2020-06-20 20:59:54,269 INFO o.a.j.t.ThreadGroup: Starting thread group... number=1 threads=1 ramp-up=1 delayedStart=false
2020-06-20 20:59:54,276 INFO o.a.j.t.ThreadGroup: Started thread group number 1
2020-06-20 20:59:54,276 INFO o.a.j.e.StandardJMeterEngine: All thread groups have been started
2020-06-20 20:59:54,311 INFO o.a.j.t.JMeterThread: Thread started: Thread Group 1-1
2020-06-20 20:59:54,849 INFO o.a.j.t.JMeterThread: Thread is done: Thread Group 1-1
2020-06-20 20:59:54,849 INFO o.a.j.t.JMeterThread: Thread finished: Thread Group 1-1
2020-06-20 20:59:54,850 INFO o.a.j.e.StandardJMeterEngine: Notifying test listeners of end of test
2020-06-20 20:59:54,850 INFO o.a.j.g.u.JMeterMenuBar: setRunning(false, *local*)
